<?xml version="1.0" encoding="UTF-8"?>
<!-- Generated by org.testng.reporters.JUnitReportReporter -->
<testsuite skipped="0" hostname="4335192ac70b" name="Sanity.LoginTest3" tests="1" failures="0" timestamp="03 Mar 2019 08:55:42 GMT" time="7.480" errors="0">
  <testcase name="log__in" time="7.480" classname="Sanity.LoginTest3"/>
</testsuite> <!-- Sanity.LoginTest3 -->
