<?xml version="1.0" encoding="UTF-8"?>
<!-- Generated by org.testng.reporters.JUnitReportReporter -->
<testsuite skipped="0" hostname="4335192ac70b" name="Sanity.LoginTest4" tests="1" failures="0" timestamp="03 Mar 2019 08:55:41 GMT" time="7.274" errors="0">
  <testcase name="log__in" time="7.274" classname="Sanity.LoginTest4"/>
</testsuite> <!-- Sanity.LoginTest4 -->
