<?xml version="1.0" encoding="UTF-8"?>
<!-- Generated by org.testng.reporters.JUnitReportReporter -->
<testsuite skipped="0" hostname="4335192ac70b" name="Sanity.LoginTest9" tests="1" failures="0" timestamp="03 Mar 2019 08:55:42 GMT" time="9.246" errors="0">
  <testcase name="log__in" time="9.246" classname="Sanity.LoginTest9"/>
</testsuite> <!-- Sanity.LoginTest9 -->
