<?xml version="1.0" encoding="UTF-8"?>
<!-- Generated by org.testng.reporters.JUnitReportReporter -->
<testsuite skipped="0" hostname="4335192ac70b" name="Sanity.LoginTest8" tests="1" failures="0" timestamp="03 Mar 2019 08:55:41 GMT" time="6.937" errors="0">
  <testcase name="log__in" time="6.937" classname="Sanity.LoginTest8"/>
</testsuite> <!-- Sanity.LoginTest8 -->
