<?xml version="1.0" encoding="UTF-8"?>
<!-- Generated by org.testng.reporters.JUnitReportReporter -->
<testsuite skipped="0" hostname="DESKTOP-KMFJ2QA" name="Sanity.MainMenueGenreSoulAndRnB" tests="1" failures="0" timestamp="10 Feb 2019 11:44:03 GMT" time="5.261" errors="0">
  <testcase name="MainMenueGenreSoulAndRnB" time="5.261" classname="Sanity.MainMenueGenreSoulAndRnB"/>
</testsuite> <!-- Sanity.MainMenueGenreSoulAndRnB -->
