<?xml version="1.0" encoding="UTF-8"?>
<!-- Generated by org.testng.reporters.JUnitReportReporter -->
<testsuite skipped="0" hostname="DESKTOP-KMFJ2QA" name="Sanity.playPauseSong" tests="1" failures="0" timestamp="18 Feb 2019 13:27:57 GMT" time="28.518" errors="0">
  <testcase name="playPauseSong" time="28.518" classname="Sanity.playPauseSong"/>
</testsuite> <!-- Sanity.playPauseSong -->
