<?xml version="1.0" encoding="UTF-8"?>
<!-- Generated by org.testng.reporters.JUnitReportReporter -->
<testsuite skipped="0" hostname="DESKTOP-KMFJ2QA" name="Sanity.MainMenueGenreAcoustic" tests="1" failures="0" timestamp="03 Mar 2019 08:43:58 GMT" time="7.703" errors="0">
  <testcase name="MainMenueGenreAcoustic" time="7.703" classname="Sanity.MainMenueGenreAcoustic"/>
</testsuite> <!-- Sanity.MainMenueGenreAcoustic -->
