<?xml version="1.0" encoding="UTF-8"?>
<!-- Generated by org.testng.reporters.JUnitReportReporter -->
<testsuite skipped="0" hostname="DESKTOP-KMFJ2QA" name="Sanity.mainMenuGenreHoliday" tests="1" failures="0" timestamp="10 Feb 2019 12:08:23 GMT" time="5.222" errors="0">
  <testcase name="clickMainMenueGenreHoliday" time="5.222" classname="Sanity.mainMenuGenreHoliday"/>
</testsuite> <!-- Sanity.mainMenuGenreHoliday -->
