<?xml version="1.0" encoding="UTF-8"?>
<!-- Generated by org.testng.reporters.JUnitReportReporter -->
<testsuite skipped="0" hostname="DESKTOP-KMFJ2QA" name="Sanity.mainMenuGenreElectronic" tests="1" failures="0" timestamp="10 Feb 2019 12:04:20 GMT" time="5.184" errors="0">
  <testcase name="MainMenueGenreElectronic" time="5.184" classname="Sanity.mainMenuGenreElectronic"/>
</testsuite> <!-- Sanity.mainMenuGenreElectronic -->
