<?xml version="1.0" encoding="UTF-8"?>
<!-- Generated by org.testng.reporters.JUnitReportReporter -->
<testsuite skipped="0" hostname="DESKTOP-KMFJ2QA" name="Sanity.MainMenueGenreFolk" tests="1" failures="0" timestamp="10 Feb 2019 12:08:52 GMT" time="5.254" errors="0">
  <testcase name="MainMenueGenreFolk" time="5.254" classname="Sanity.MainMenueGenreFolk"/>
</testsuite> <!-- Sanity.MainMenueGenreFolk -->
