<?xml version="1.0" encoding="UTF-8"?>
<!-- Generated by org.testng.reporters.JUnitReportReporter -->
<testsuite skipped="0" hostname="DESKTOP-KMFJ2QA" name="Sanity.PaymentTest" tests="1" failures="0" timestamp="11 Feb 2019 09:49:23 GMT" time="12.542" errors="0">
  <testcase name="PaymentTestSuccess" time="12.542" classname="Sanity.PaymentTest"/>
</testsuite> <!-- Sanity.PaymentTest -->
