<?xml version="1.0" encoding="UTF-8"?>
<!-- Generated by org.testng.reporters.JUnitReportReporter -->
<testsuite skipped="0" hostname="DESKTOP-KMFJ2QA" name="Sanity.LoginTest" tests="1" failures="0" timestamp="10 Feb 2019 11:16:31 GMT" time="6.774" errors="0">
  <testcase name="login" time="6.774" classname="Sanity.LoginTest"/>
</testsuite> <!-- Sanity.LoginTest -->
