<?xml version="1.0" encoding="UTF-8"?>
<!-- Generated by org.testng.reporters.JUnitReportReporter -->
<testsuite skipped="0" hostname="DESKTOP-KMFJ2QA" name="Sanity.searchEndsUpOnArtlistPageTest" tests="1" failures="0" timestamp="11 Feb 2019 10:34:51 GMT" time="7.032" errors="0">
  <testcase name="search" time="7.032" classname="Sanity.searchEndsUpOnArtlistPageTest"/>
</testsuite> <!-- Sanity.searchEndsUpOnArtlistPageTest -->
