<?xml version="1.0" encoding="UTF-8"?>
<!-- Generated by org.testng.reporters.JUnitReportReporter -->
<testsuite skipped="0" hostname="DESKTOP-KMFJ2QA" name="Sanity.LoginTest" tests="1" failures="0" timestamp="18 Feb 2019 13:26:31 GMT" time="2.048" errors="0">
  <testcase name="log__in" time="2.048" classname="Sanity.LoginTest"/>
</testsuite> <!-- Sanity.LoginTest -->
