<?xml version="1.0" encoding="UTF-8"?>
<!-- Generated by org.testng.reporters.JUnitReportReporter -->
<testsuite skipped="0" hostname="DESKTOP-KMFJ2QA" name="Sanity.PaymentTest" tests="1" failures="0" timestamp="18 Feb 2019 13:27:07 GMT" time="15.520" errors="0">
  <testcase name="PaymentTestSuccess" time="15.520" classname="Sanity.PaymentTest"/>
</testsuite> <!-- Sanity.PaymentTest -->
