<?xml version="1.0" encoding="UTF-8"?>
<!-- Generated by org.testng.reporters.JUnitReportReporter -->
<testsuite skipped="0" hostname="DESKTOP-KMFJ2QA" name="Sanity.MainMenueGenreHipHop" tests="1" failures="0" timestamp="03 Mar 2019 08:43:58 GMT" time="5.580" errors="0">
  <testcase name="MainMenueGenrePop" time="5.580" classname="Sanity.MainMenueGenreHipHop"/>
</testsuite> <!-- Sanity.MainMenueGenreHipHop -->
