<?xml version="1.0" encoding="UTF-8"?>
<!-- Generated by org.testng.reporters.JUnitReportReporter -->
<testsuite skipped="0" hostname="DESKTOP-KMFJ2QA" name="Sanity.mainMenuGenreHoliday" tests="1" failures="0" timestamp="03 Mar 2019 08:43:58 GMT" time="5.586" errors="0">
  <testcase name="clickMainMenueGenreHoliday" time="5.586" classname="Sanity.mainMenuGenreHoliday"/>
</testsuite> <!-- Sanity.mainMenuGenreHoliday -->
